e:\vs 项目\蓝桥杯\蓝桥杯\debug\vc141.pdb
e:\vs 项目\蓝桥杯\蓝桥杯\debug\qustion_1108.obj
e:\vs 项目\蓝桥杯\蓝桥杯\debug\question_1557_no.obj
e:\vs 项目\蓝桥杯\蓝桥杯\debug\question_1550.obj
e:\vs 项目\蓝桥杯\蓝桥杯\debug\question_1549.obj
e:\vs 项目\蓝桥杯\蓝桥杯\debug\question_1305.obj
e:\vs 项目\蓝桥杯\蓝桥杯\debug\question_1201.obj
e:\vs 项目\蓝桥杯\蓝桥杯\debug\question_1200.obj
e:\vs 项目\蓝桥杯\蓝桥杯\debug\question_1200(1).obj
e:\vs 项目\蓝桥杯\蓝桥杯\debug\question_1052.obj
e:\vs 项目\蓝桥杯\蓝桥杯\debug\question_1051.obj
e:\vs 项目\蓝桥杯\蓝桥杯\debug\question_1050.obj
e:\vs 项目\蓝桥杯\蓝桥杯\debug\question_1007.obj
e:\vs 项目\蓝桥杯\蓝桥杯\debug\question_1002.obj
e:\vs 项目\蓝桥杯\蓝桥杯\debug\question_1001.obj
e:\vs 项目\蓝桥杯\蓝桥杯\debug\question_1000.obj
e:\vs 项目\蓝桥杯\蓝桥杯\debug\1112.obj
e:\vs 项目\蓝桥杯\蓝桥杯\debug\1111.obj
e:\vs 项目\蓝桥杯\蓝桥杯\debug\1110.obj
e:\vs 项目\蓝桥杯\蓝桥杯\debug\test.obj
e:\vs 项目\蓝桥杯\蓝桥杯\debug\question_1565.obj
e:\vs 项目\蓝桥杯\蓝桥杯\debug\question_1422.obj
e:\vs 项目\蓝桥杯\蓝桥杯\debug\question_1232.obj
e:\vs 项目\蓝桥杯\蓝桥杯\debug\question_1230.obj
e:\vs 项目\蓝桥杯\蓝桥杯\debug\question_1203.obj
e:\vs 项目\蓝桥杯\蓝桥杯\debug\question_1173.obj
e:\vs 项目\蓝桥杯\蓝桥杯\debug\question_1152.obj
e:\vs 项目\蓝桥杯\蓝桥杯\debug\question_1124.obj
e:\vs 项目\蓝桥杯\蓝桥杯\debug\question_1105.obj
e:\vs 项目\蓝桥杯\蓝桥杯\debug\question_1100.obj
e:\vs 项目\蓝桥杯\蓝桥杯\debug\question_1073.obj
e:\vs 项目\蓝桥杯\蓝桥杯\debug\question_1072.obj
e:\vs 项目\蓝桥杯\蓝桥杯\debug\question_1070.obj
e:\vs 项目\蓝桥杯\蓝桥杯\debug\question_1049.obj
e:\vs 项目\蓝桥杯\蓝桥杯\debug\question_1048.obj
e:\vs 项目\蓝桥杯\蓝桥杯\debug\question_1014.obj
e:\vs 项目\蓝桥杯\蓝桥杯\debug\question_1159.obj
e:\vs 项目\蓝桥杯\蓝桥杯\debug\question_1171.obj
e:\vs 项目\蓝桥杯\蓝桥杯\debug\question_1164.obj
e:\vs 项目\蓝桥杯\蓝桥杯\debug\question_1555.obj
e:\vs 项目\蓝桥杯\蓝桥杯\debug\question_1500.obj
e:\vs 项目\蓝桥杯\蓝桥杯\debug\question_1511.obj
e:\vs 项目\蓝桥杯\蓝桥杯\debug\question_1527.obj
e:\vs 项目\蓝桥杯\debug\蓝桥杯.exe
e:\vs 项目\蓝桥杯\debug\蓝桥杯.ilk
e:\vs 项目\蓝桥杯\debug\蓝桥杯.pdb
e:\vs 项目\蓝桥杯\蓝桥杯\debug\蓝桥杯.tlog\cl.command.1.tlog
e:\vs 项目\蓝桥杯\蓝桥杯\debug\蓝桥杯.tlog\cl.read.1.tlog
e:\vs 项目\蓝桥杯\蓝桥杯\debug\蓝桥杯.tlog\cl.write.1.tlog
e:\vs 项目\蓝桥杯\蓝桥杯\debug\蓝桥杯.tlog\link.command.1.tlog
e:\vs 项目\蓝桥杯\蓝桥杯\debug\蓝桥杯.tlog\link.read.1.tlog
e:\vs 项目\蓝桥杯\蓝桥杯\debug\蓝桥杯.tlog\link.write.1.tlog
